# JRE version: OpenJDK Runtime Environment Temurin-17.0.3+7 (17.0.3+7) (build 17.0.3+7)
# Java VM: OpenJDK 64-Bit Server VM Temurin-17.0.3+7 (17.0.3+7, mixed mode, tiered, compressed oops, compressed class ptrs, parallel gc, windows-amd64)
GC Precious Log:
 CPUs: 8 total, 8 available
 Memory: 8075M
 Large Page Support: Disabled
 NUMA Support: Disabled
 Compressed Oops: Enabled (32-bit)
 Alignments: Space 512K, Generation 512K, Heap 2M
 Heap Min Capacity: 100M
 Heap Initial Capacity: 100M
 Heap Max Capacity: 1G
 Pre-touch: Disabled
 Parallel Workers: 8
Heap:
 PSYoungGen      total 17920K, used 352K [0x00000000eab00000, 0x00000000ebe80000, 0x0000000100000000)
  eden space 17408K, 0% used [0x00000000eab00000,0x00000000eab00000,0x00000000ebc00000)
  from space 512K, 68% used [0x00000000ebe00000,0x00000000ebe58000,0x00000000ebe80000)
  to   space 1024K, 0% used [0x00000000ebc80000,0x00000000ebc80000,0x00000000ebd80000)
 ParOldGen       total 80384K, used 80119K [0x00000000c0000000, 0x00000000c4e80000, 0x00000000eab00000)
  object space 80384K, 99% used [0x00000000c0000000,0x00000000c4e3dfc8,0x00000000c4e80000)
 Metaspace       used 58701K, committed 59776K, reserved 1105920K
  class space    used 6180K, committed 6656K, reserved 1048576K
GC Heap History (20 events):
Event: 38.270 GC heap after
{Heap after GC invocations=33 (full 2):
 PSYoungGen      total 18944K, used 1184K [0x00000000eab00000, 0x00000000ec100000, 0x0000000100000000)
  eden space 17408K, 0% used [0x00000000eab00000,0x00000000eab00000,0x00000000ebc00000)
  from space 1536K, 77% used [0x00000000ebc00000,0x00000000ebd28000,0x00000000ebd80000)
  to   space 2560K, 0% used [0x00000000ebe80000,0x00000000ebe80000,0x00000000ec100000)
 ParOldGen       total 68608K, used 50002K [0x00000000c0000000, 0x00000000c4300000, 0x00000000eab00000)
  object space 68608K, 72% used [0x00000000c0000000,0x00000000c30d4ba8,0x00000000c4300000)
 Metaspace       used 52414K, committed 53504K, reserved 1097728K
  class space    used 5514K, committed 6016K, reserved 1048576K
}
Event: 40.244 GC heap before
{Heap before GC invocations=34 (full 2):
 PSYoungGen      total 18944K, used 18592K [0x00000000eab00000, 0x00000000ec100000, 0x0000000100000000)
  eden space 17408K, 100% used [0x00000000eab00000,0x00000000ebc00000,0x00000000ebc00000)
  from space 1536K, 77% used [0x00000000ebc00000,0x00000000ebd28000,0x00000000ebd80000)
  to   space 2560K, 0% used [0x00000000ebe80000,0x00000000ebe80000,0x00000000ec100000)
 ParOldGen       total 68608K, used 50002K [0x00000000c0000000, 0x00000000c4300000, 0x00000000eab00000)
  object space 68608K, 72% used [0x00000000c0000000,0x00000000c30d4ba8,0x00000000c4300000)
 Metaspace       used 52874K, committed 53888K, reserved 1097728K
  class space    used 5550K, committed 6080K, reserved 1048576K
}
Event: 40.247 GC heap after
{Heap after GC invocations=34 (full 2):
 PSYoungGen      total 18944K, used 1408K [0x00000000eab00000, 0x00000000ec000000, 0x0000000100000000)
  eden space 17408K, 0% used [0x00000000eab00000,0x00000000eab00000,0x00000000ebc00000)
  from space 1536K, 91% used [0x00000000ebe80000,0x00000000ebfe0000,0x00000000ec000000)
  to   space 1536K, 0% used [0x00000000ebc00000,0x00000000ebc00000,0x00000000ebd80000)
 ParOldGen       total 68608K, used 51082K [0x00000000c0000000, 0x00000000c4300000, 0x00000000eab00000)
  object space 68608K, 74% used [0x00000000c0000000,0x00000000c31e2ba8,0x00000000c4300000)
 Metaspace       used 52874K, committed 53888K, reserved 1097728K
  class space    used 5550K, committed 6080K, reserved 1048576K
}
Event: 41.926 GC heap before
{Heap before GC invocations=35 (full 2):
 PSYoungGen      total 18944K, used 18816K [0x00000000eab00000, 0x00000000ec000000, 0x0000000100000000)
  eden space 17408K, 100% used [0x00000000eab00000,0x00000000ebc00000,0x00000000ebc00000)
  from space 1536K, 91% used [0x00000000ebe80000,0x00000000ebfe0000,0x00000000ec000000)
  to   space 1536K, 0% used [0x00000000ebc00000,0x00000000ebc00000,0x00000000ebd80000)
 ParOldGen       total 68608K, used 51082K [0x00000000c0000000, 0x00000000c4300000, 0x00000000eab00000)
  object space 68608K, 74% used [0x00000000c0000000,0x00000000c31e2ba8,0x00000000c4300000)
 Metaspace       used 53136K, committed 54208K, reserved 1097728K
  class space    used 5579K, committed 6080K, reserved 1048576K
}
Event: 41.931 GC heap after
{Heap after GC invocations=35 (full 2):
 PSYoungGen      total 18944K, used 1536K [0x00000000eab00000, 0x00000000ec200000, 0x0000000100000000)
  eden space 17408K, 0% used [0x00000000eab00000,0x00000000eab00000,0x00000000ebc00000)
  from space 1536K, 100% used [0x00000000ebc00000,0x00000000ebd80000,0x00000000ebd80000)
  to   space 3072K, 0% used [0x00000000ebf00000,0x00000000ebf00000,0x00000000ec200000)
 ParOldGen       total 68608K, used 52103K [0x00000000c0000000, 0x00000000c4300000, 0x00000000eab00000)
  object space 68608K, 75% used [0x00000000c0000000,0x00000000c32e1ea0,0x00000000c4300000)
 Metaspace       used 53136K, committed 54208K, reserved 1097728K
  class space    used 5579K, committed 6080K, reserved 1048576K
}
Event: 74.944 GC heap before
{Heap before GC invocations=36 (full 2):
 PSYoungGen      total 18944K, used 18943K [0x00000000eab00000, 0x00000000ec200000, 0x0000000100000000)
  eden space 17408K, 99% used [0x00000000eab00000,0x00000000ebbffff0,0x00000000ebc00000)
  from space 1536K, 100% used [0x00000000ebc00000,0x00000000ebd80000,0x00000000ebd80000)
  to   space 3072K, 0% used [0x00000000ebf00000,0x00000000ebf00000,0x00000000ec200000)
 ParOldGen       total 68608K, used 52103K [0x00000000c0000000, 0x00000000c4300000, 0x00000000eab00000)
  object space 68608K, 75% used [0x00000000c0000000,0x00000000c32e1ea0,0x00000000c4300000)
 Metaspace       used 53682K, committed 54720K, reserved 1105920K
  class space    used 5649K, committed 6144K, reserved 1048576K
}
Event: 74.947 GC heap after
{Heap after GC invocations=36 (full 2):
 PSYoungGen      total 18432K, used 961K [0x00000000eab00000, 0x00000000ec000000, 0x0000000100000000)
  eden space 17408K, 0% used [0x00000000eab00000,0x00000000eab00000,0x00000000ebc00000)
  from space 1024K, 93% used [0x00000000ebf00000,0x00000000ebff07d0,0x00000000ec000000)
  to   space 2048K, 0% used [0x00000000ebc00000,0x00000000ebc00000,0x00000000ebe00000)
 ParOldGen       total 68608K, used 53543K [0x00000000c0000000, 0x00000000c4300000, 0x00000000eab00000)
  object space 68608K, 78% used [0x00000000c0000000,0x00000000c3449ec0,0x00000000c4300000)
 Metaspace       used 53682K, committed 54720K, reserved 1105920K
  class space    used 5649K, committed 6144K, reserved 1048576K
}
Event: 111.220 GC heap before
{Heap before GC invocations=37 (full 2):
 PSYoungGen      total 18432K, used 18369K [0x00000000eab00000, 0x00000000ec000000, 0x0000000100000000)
  eden space 17408K, 100% used [0x00000000eab00000,0x00000000ebc00000,0x00000000ebc00000)
  from space 1024K, 93% used [0x00000000ebf00000,0x00000000ebff07d0,0x00000000ec000000)
  to   space 2048K, 0% used [0x00000000ebc00000,0x00000000ebc00000,0x00000000ebe00000)
 ParOldGen       total 68608K, used 53543K [0x00000000c0000000, 0x00000000c4300000, 0x00000000eab00000)
  object space 68608K, 78% used [0x00000000c0000000,0x00000000c3449ec0,0x00000000c4300000)
 Metaspace       used 53744K, committed 54784K, reserved 1105920K
  class space    used 5650K, committed 6144K, reserved 1048576K
}
Event: 111.222 GC heap after
{Heap after GC invocations=37 (full 2):
 PSYoungGen      total 19456K, used 896K [0x00000000eab00000, 0x00000000ebf80000, 0x0000000100000000)
  eden space 17408K, 0% used [0x00000000eab00000,0x00000000eab00000,0x00000000ebc00000)
  from space 2048K, 43% used [0x00000000ebc00000,0x00000000ebce0000,0x00000000ebe00000)
  to   space 1024K, 0% used [0x00000000ebe80000,0x00000000ebe80000,0x00000000ebf80000)
 ParOldGen       total 68608K, used 54376K [0x00000000c0000000, 0x00000000c4300000, 0x00000000eab00000)
  object space 68608K, 79% used [0x00000000c0000000,0x00000000c351a300,0x00000000c4300000)
 Metaspace       used 53744K, committed 54784K, reserved 1105920K
  class space    used 5650K, committed 6144K, reserved 1048576K
}
Event: 113.508 GC heap before
{Heap before GC invocations=38 (full 2):
 PSYoungGen      total 19456K, used 12844K [0x00000000eab00000, 0x00000000ebf80000, 0x0000000100000000)
  eden space 17408K, 68% used [0x00000000eab00000,0x00000000eb6ab040,0x00000000ebc00000)
  from space 2048K, 43% used [0x00000000ebc00000,0x00000000ebce0000,0x00000000ebe00000)
  to   space 1024K, 0% used [0x00000000ebe80000,0x00000000ebe80000,0x00000000ebf80000)
 ParOldGen       total 68608K, used 54376K [0x00000000c0000000, 0x00000000c4300000, 0x00000000eab00000)
  object space 68608K, 79% used [0x00000000c0000000,0x00000000c351a300,0x00000000c4300000)
 Metaspace       used 54304K, committed 55424K, reserved 1105920K
  class space    used 5697K, committed 6208K, reserved 1048576K
}
Event: 113.510 GC heap after
{Heap after GC invocations=38 (full 2):
 PSYoungGen      total 18432K, used 1009K [0x00000000eab00000, 0x00000000ec000000, 0x0000000100000000)
  eden space 17408K, 0% used [0x00000000eab00000,0x00000000eab00000,0x00000000ebc00000)
  from space 1024K, 98% used [0x00000000ebe80000,0x00000000ebf7c528,0x00000000ebf80000)
  to   space 2048K, 0% used [0x00000000ebc00000,0x00000000ebc00000,0x00000000ebe00000)
 ParOldGen       total 68608K, used 55064K [0x00000000c0000000, 0x00000000c4300000, 0x00000000eab00000)
  object space 68608K, 80% used [0x00000000c0000000,0x00000000c35c6300,0x00000000c4300000)
 Metaspace       used 54304K, committed 55424K, reserved 1105920K
  class space    used 5697K, committed 6208K, reserved 1048576K
}
Event: 113.977 GC heap before
{Heap before GC invocations=39 (full 2):
 PSYoungGen      total 18432K, used 18417K [0x00000000eab00000, 0x00000000ec000000, 0x0000000100000000)
  eden space 17408K, 100% used [0x00000000eab00000,0x00000000ebc00000,0x00000000ebc00000)
  from space 1024K, 98% used [0x00000000ebe80000,0x00000000ebf7c528,0x00000000ebf80000)
  to   space 2048K, 0% used [0x00000000ebc00000,0x00000000ebc00000,0x00000000ebe00000)
 ParOldGen       total 80384K, used 78104K [0x00000000c0000000, 0x00000000c4e80000, 0x00000000eab00000)
  object space 80384K, 97% used [0x00000000c0000000,0x00000000c4c46320,0x00000000c4e80000)
 Metaspace       used 55480K, committed 56576K, reserved 1105920K
  class space    used 5834K, committed 6336K, reserved 1048576K
}
Event: 113.980 GC heap after
{Heap after GC invocations=39 (full 2):
 PSYoungGen      total 19456K, used 320K [0x00000000eab00000, 0x00000000ebf00000, 0x0000000100000000)
  eden space 17408K, 0% used [0x00000000eab00000,0x00000000eab00000,0x00000000ebc00000)
  from space 2048K, 15% used [0x00000000ebc00000,0x00000000ebc50000,0x00000000ebe00000)
  to   space 1024K, 0% used [0x00000000ebe00000,0x00000000ebe00000,0x00000000ebf00000)
 ParOldGen       total 80384K, used 78973K [0x00000000c0000000, 0x00000000c4e80000, 0x00000000eab00000)
  object space 80384K, 98% used [0x00000000c0000000,0x00000000c4d1f480,0x00000000c4e80000)
 Metaspace       used 55480K, committed 56576K, reserved 1105920K
  class space    used 5834K, committed 6336K, reserved 1048576K
}
Event: 114.648 GC heap before
{Heap before GC invocations=40 (full 2):
 PSYoungGen      total 19456K, used 17674K [0x00000000eab00000, 0x00000000ebf00000, 0x0000000100000000)
  eden space 17408K, 99% used [0x00000000eab00000,0x00000000ebbf2be8,0x00000000ebc00000)
  from space 2048K, 15% used [0x00000000ebc00000,0x00000000ebc50000,0x00000000ebe00000)
  to   space 1024K, 0% used [0x00000000ebe00000,0x00000000ebe00000,0x00000000ebf00000)
 ParOldGen       total 80384K, used 78973K [0x00000000c0000000, 0x00000000c4e80000, 0x00000000eab00000)
  object space 80384K, 98% used [0x00000000c0000000,0x00000000c4d1f480,0x00000000c4e80000)
 Metaspace       used 56411K, committed 57472K, reserved 1105920K
  class space    used 5941K, committed 6400K, reserved 1048576K
}
Event: 114.650 GC heap after
{Heap after GC invocations=40 (full 2):
 PSYoungGen      total 17920K, used 320K [0x00000000eab00000, 0x00000000ebe80000, 0x0000000100000000)
  eden space 17408K, 0% used [0x00000000eab00000,0x00000000eab00000,0x00000000ebc00000)
  from space 512K, 62% used [0x00000000ebe00000,0x00000000ebe50000,0x00000000ebe80000)
  to   space 512K, 0% used [0x00000000ebd80000,0x00000000ebd80000,0x00000000ebe00000)
 ParOldGen       total 80384K, used 79152K [0x00000000c0000000, 0x00000000c4e80000, 0x00000000eab00000)
  object space 80384K, 98% used [0x00000000c0000000,0x00000000c4d4c380,0x00000000c4e80000)
 Metaspace       used 56411K, committed 57472K, reserved 1105920K
  class space    used 5941K, committed 6400K, reserved 1048576K
}
Event: 120.671 GC heap before
{Heap before GC invocations=41 (full 2):
 PSYoungGen      total 17920K, used 17718K [0x00000000eab00000, 0x00000000ebe80000, 0x0000000100000000)
  eden space 17408K, 99% used [0x00000000eab00000,0x00000000ebbfd9a0,0x00000000ebc00000)
  from space 512K, 62% used [0x00000000ebe00000,0x00000000ebe50000,0x00000000ebe80000)
  to   space 512K, 0% used [0x00000000ebd80000,0x00000000ebd80000,0x00000000ebe00000)
 ParOldGen       total 80384K, used 79152K [0x00000000c0000000, 0x00000000c4e80000, 0x00000000eab00000)
  object space 80384K, 98% used [0x00000000c0000000,0x00000000c4d4c380,0x00000000c4e80000)
 Metaspace       used 58023K, committed 59200K, reserved 1105920K
  class space    used 6113K, committed 6592K, reserved 1048576K
}
Event: 120.674 GC heap after
{Heap after GC invocations=41 (full 2):
 PSYoungGen      total 17920K, used 503K [0x00000000eab00000, 0x00000000ebf00000, 0x0000000100000000)
  eden space 17408K, 0% used [0x00000000eab00000,0x00000000eab00000,0x00000000ebc00000)
  from space 512K, 98% used [0x00000000ebd80000,0x00000000ebdfdf50,0x00000000ebe00000)
  to   space 1024K, 0% used [0x00000000ebe00000,0x00000000ebe00000,0x00000000ebf00000)
 ParOldGen       total 80384K, used 79624K [0x00000000c0000000, 0x00000000c4e80000, 0x00000000eab00000)
  object space 80384K, 99% used [0x00000000c0000000,0x00000000c4dc2390,0x00000000c4e80000)
 Metaspace       used 58023K, committed 59200K, reserved 1105920K
  class space    used 6113K, committed 6592K, reserved 1048576K
}
Event: 36358.031 GC heap before
{Heap before GC invocations=42 (full 2):
 PSYoungGen      total 17920K, used 11228K [0x00000000eab00000, 0x00000000ebf00000, 0x0000000100000000)
  eden space 17408K, 61% used [0x00000000eab00000,0x00000000eb579430,0x00000000ebc00000)
  from space 512K, 98% used [0x00000000ebd80000,0x00000000ebdfdf50,0x00000000ebe00000)
  to   space 1024K, 0% used [0x00000000ebe00000,0x00000000ebe00000,0x00000000ebf00000)
 ParOldGen       total 80384K, used 79624K [0x00000000c0000000, 0x00000000c4e80000, 0x00000000eab00000)
  object space 80384K, 99% used [0x00000000c0000000,0x00000000c4dc2390,0x00000000c4e80000)
 Metaspace       used 58701K, committed 59776K, reserved 1105920K
  class space    used 6180K, committed 6656K, reserved 1048576K
}
Event: 36366.457 GC heap after
{Heap after GC invocations=42 (full 2):
 PSYoungGen      total 17920K, used 352K [0x00000000eab00000, 0x00000000ebe80000, 0x0000000100000000)
  eden space 17408K, 0% used [0x00000000eab00000,0x00000000eab00000,0x00000000ebc00000)
  from space 512K, 68% used [0x00000000ebe00000,0x00000000ebe58000,0x00000000ebe80000)
  to   space 1024K, 0% used [0x00000000ebc80000,0x00000000ebc80000,0x00000000ebd80000)
 ParOldGen       total 80384K, used 80119K [0x00000000c0000000, 0x00000000c4e80000, 0x00000000eab00000)
  object space 80384K, 99% used [0x00000000c0000000,0x00000000c4e3dfc8,0x00000000c4e80000)
 Metaspace       used 58701K, committed 59776K, reserved 1105920K
  class space    used 6180K, committed 6656K, reserved 1048576K
}
Event: 36366.457 GC heap before
{Heap before GC invocations=43 (full 3):
 PSYoungGen      total 17920K, used 352K [0x00000000eab00000, 0x00000000ebe80000, 0x0000000100000000)
  eden space 17408K, 0% used [0x00000000eab00000,0x00000000eab00000,0x00000000ebc00000)
  from space 512K, 68% used [0x00000000ebe00000,0x00000000ebe58000,0x00000000ebe80000)
  to   space 1024K, 0% used [0x00000000ebc80000,0x00000000ebc80000,0x00000000ebd80000)
 ParOldGen       total 80384K, used 80119K [0x00000000c0000000, 0x00000000c4e80000, 0x00000000eab00000)
  object space 80384K, 99% used [0x00000000c0000000,0x00000000c4e3dfc8,0x00000000c4e80000)
 Metaspace       used 58701K, committed 59776K, reserved 1105920K
  class space    used 6180K, committed 6656K, reserved 1048576K
}

